[debug] [2018-03-14T16:37:00.487Z] ----------------------------------------------------------------------
[debug] [2018-03-14T16:37:00.492Z] Command:       C:\Program Files\nodejs\node.exe C:\Users\toshiba\AppData\Roaming\npm\node_modules\firebase-tools\bin\firebase init
[debug] [2018-03-14T16:37:00.493Z] CLI Version:   3.17.6
[debug] [2018-03-14T16:37:00.493Z] Platform:      win32
[debug] [2018-03-14T16:37:00.494Z] Node Version:  v8.9.4
[debug] [2018-03-14T16:37:00.494Z] Time:          Wed Mar 14 2018 16:37:00 GMT+0000 (GMT Standard Time)
[debug] [2018-03-14T16:37:00.495Z] ----------------------------------------------------------------------
[debug] 
[debug] [2018-03-14T16:37:00.510Z] > command requires scopes: ["email","openid","https://www.googleapis.com/auth/cloudplatformprojects.readonly","https://www.googleapis.com/auth/firebase"]
[debug] [2018-03-14T16:37:00.511Z] > authorizing via signed-in user
[info] 
     ######## #### ########  ######## ########     ###     ######  ########
     ##        ##  ##     ## ##       ##     ##  ##   ##  ##       ##
     ######    ##  ########  ######   ########  #########  ######  ######
     ##        ##  ##    ##  ##       ##     ## ##     ##       ## ##
     ##       #### ##     ## ######## ########  ##     ##  ######  ########

You're about to initialize a Firebase project in this directory:

  c:\Sites\Angular\geeksworld

Before we get started, keep in mind:

  * You are currently outside your home directory

[info] 
=== Project Setup
[info] 
[info] First, let's associate this project directory with a Firebase project.
[info] You can create multiple project aliases by running firebase use --add, 
[info] but for now we'll just set up a default project.
[info] 
[debug] [2018-03-14T16:37:19.471Z] > refreshing access token with scopes: ["email","https://www.googleapis.com/auth/cloudplatformprojects.readonly","https://www.googleapis.com/auth/firebase","openid"]
[debug] [2018-03-14T16:37:19.471Z] >>> HTTP REQUEST POST https://www.googleapis.com/oauth2/v3/token  
 { refresh_token: '1/P5eB2nrl9pojBfXRb2g_9nHqSNko8ljZWKz_D3lChC8',
  client_id: '563584335869-fgrhgmd47bqnekij5i8b5pr03ho849e6.apps.googleusercontent.com',
  client_secret: 'j9iVZfS8kkCEFUPaAeJV0sAi',
  grant_type: 'refresh_token',
  scope: 'email https://www.googleapis.com/auth/cloudplatformprojects.readonly https://www.googleapis.com/auth/firebase openid' } 
 Wed Mar 14 2018 16:37:19 GMT+0000 (GMT Standard Time)
[debug] [2018-03-14T16:37:22.114Z] <<< HTTP RESPONSE 200
[debug] [2018-03-14T16:37:22.180Z] >>> HTTP REQUEST GET https://admin.firebase.com/v1/projects  
  
 Wed Mar 14 2018 16:37:22 GMT+0000 (GMT Standard Time)
[debug] [2018-03-14T16:37:24.735Z] <<< HTTP RESPONSE 200
[info] 
=== Hosting Setup
[info] 
[info] Your public directory is the folder (relative to your project directory) that
[info] will contain Hosting assets to be uploaded with firebase deploy. If you
[info] have a build process for your assets, use your build's output directory.
[info] 
[debug] [2018-03-14T16:37:49.350Z] >>> HTTP REQUEST GET https://www.gstatic.com/firebasejs/releases.json  
  
 Wed Mar 14 2018 16:37:49 GMT+0000 (GMT Standard Time)
[debug] [2018-03-14T16:37:51.696Z] Error: unable to verify the first certificate
    at TLSSocket.<anonymous> (_tls_wrap.js:1103:38)
    at emitNone (events.js:106:13)
    at TLSSocket.emit (events.js:208:7)
    at TLSSocket._finishInit (_tls_wrap.js:637:8)
    at TLSWrap.ssl.onhandshakedone (_tls_wrap.js:467:38)
[error] 
[error] Error: Server Error. unable to verify the first certificate
[debug] [2018-03-14T16:51:02.772Z] ----------------------------------------------------------------------
[debug] [2018-03-14T16:51:02.775Z] Command:       C:\Program Files\nodejs\node.exe C:\Users\toshiba\AppData\Roaming\npm\node_modules\firebase-tools\bin\firebase init
[debug] [2018-03-14T16:51:02.775Z] CLI Version:   3.17.6
[debug] [2018-03-14T16:51:02.775Z] Platform:      win32
[debug] [2018-03-14T16:51:02.775Z] Node Version:  v8.9.4
[debug] [2018-03-14T16:51:02.776Z] Time:          Wed Mar 14 2018 16:51:02 GMT+0000 (GMT Standard Time)
[debug] [2018-03-14T16:51:02.776Z] ----------------------------------------------------------------------
[debug] 
[debug] [2018-03-14T16:51:02.793Z] > command requires scopes: ["email","openid","https://www.googleapis.com/auth/cloudplatformprojects.readonly","https://www.googleapis.com/auth/firebase"]
[debug] [2018-03-14T16:51:02.795Z] > authorizing via signed-in user
[info] 
     ######## #### ########  ######## ########     ###     ######  ########
     ##        ##  ##     ## ##       ##     ##  ##   ##  ##       ##
     ######    ##  ########  ######   ########  #########  ######  ######
     ##        ##  ##    ##  ##       ##     ## ##     ##       ## ##
     ##       #### ##     ## ######## ########  ##     ##  ######  ########

You're about to initialize a Firebase project in this directory:

  c:\Sites\Angular\geeksworld

Before we get started, keep in mind:

  * You are currently outside your home directory

[info] 
=== Project Setup
[info] 
[info] First, let's associate this project directory with a Firebase project.
[info] You can create multiple project aliases by running firebase use --add, 
[info] but for now we'll just set up a default project.
[info] 
[debug] [2018-03-14T16:51:08.019Z] >>> HTTP REQUEST GET https://admin.firebase.com/v1/projects  
  
 Wed Mar 14 2018 16:51:08 GMT+0000 (GMT Standard Time)
[debug] [2018-03-14T16:51:10.054Z] <<< HTTP RESPONSE 200
[info] 
=== Hosting Setup
[info] 
[info] Your public directory is the folder (relative to your project directory) that
[info] will contain Hosting assets to be uploaded with firebase deploy. If you
[info] have a build process for your assets, use your build's output directory.
[info] 
[debug] [2018-03-14T16:51:18.060Z] >>> HTTP REQUEST GET https://www.gstatic.com/firebasejs/releases.json  
  
 Wed Mar 14 2018 16:51:18 GMT+0000 (GMT Standard Time)
[debug] [2018-03-14T16:51:21.884Z] Error: unable to verify the first certificate
    at TLSSocket.<anonymous> (_tls_wrap.js:1103:38)
    at emitNone (events.js:106:13)
    at TLSSocket.emit (events.js:208:7)
    at TLSSocket._finishInit (_tls_wrap.js:637:8)
    at TLSWrap.ssl.onhandshakedone (_tls_wrap.js:467:38)
[error] 
[error] Error: Server Error. unable to verify the first certificate
[debug] [2018-03-14T16:57:28.304Z] ----------------------------------------------------------------------
[debug] [2018-03-14T16:57:28.308Z] Command:       C:\Program Files\nodejs\node.exe C:\Users\toshiba\AppData\Roaming\npm\node_modules\firebase-tools\bin\firebase init
[debug] [2018-03-14T16:57:28.308Z] CLI Version:   3.17.6
[debug] [2018-03-14T16:57:28.308Z] Platform:      win32
[debug] [2018-03-14T16:57:28.308Z] Node Version:  v8.9.4
[debug] [2018-03-14T16:57:28.309Z] Time:          Wed Mar 14 2018 16:57:28 GMT+0000 (GMT Standard Time)
[debug] [2018-03-14T16:57:28.309Z] ----------------------------------------------------------------------
[debug] 
[debug] [2018-03-14T16:57:28.323Z] > command requires scopes: ["email","openid","https://www.googleapis.com/auth/cloudplatformprojects.readonly","https://www.googleapis.com/auth/firebase"]
[debug] [2018-03-14T16:57:28.324Z] > authorizing via signed-in user
[info] 
     ######## #### ########  ######## ########     ###     ######  ########
     ##        ##  ##     ## ##       ##     ##  ##   ##  ##       ##
     ######    ##  ########  ######   ########  #########  ######  ######
     ##        ##  ##    ##  ##       ##     ## ##     ##       ## ##
     ##       #### ##     ## ######## ########  ##     ##  ######  ########

You're about to initialize a Firebase project in this directory:

  c:\Sites\Angular\geeksworld

Before we get started, keep in mind:

  * You are currently outside your home directory

[info] 
=== Project Setup
[info] 
[info] First, let's associate this project directory with a Firebase project.
[info] You can create multiple project aliases by running firebase use --add, 
[info] but for now we'll just set up a default project.
[info] 
[debug] [2018-03-14T16:57:41.621Z] >>> HTTP REQUEST GET https://admin.firebase.com/v1/projects  
  
 Wed Mar 14 2018 16:57:41 GMT+0000 (GMT Standard Time)
[debug] [2018-03-14T16:57:44.089Z] <<< HTTP RESPONSE 200
[info] 
=== Hosting Setup
[info] 
[info] Your public directory is the folder (relative to your project directory) that
[info] will contain Hosting assets to be uploaded with firebase deploy. If you
[info] have a build process for your assets, use your build's output directory.
[info] 
[debug] [2018-03-14T16:58:00.285Z] >>> HTTP REQUEST GET https://www.gstatic.com/firebasejs/releases.json  
  
 Wed Mar 14 2018 16:58:00 GMT+0000 (GMT Standard Time)
[debug] [2018-03-14T16:58:03.442Z] Error: unable to verify the first certificate
    at TLSSocket.<anonymous> (_tls_wrap.js:1103:38)
    at emitNone (events.js:106:13)
    at TLSSocket.emit (events.js:208:7)
    at TLSSocket._finishInit (_tls_wrap.js:637:8)
    at TLSWrap.ssl.onhandshakedone (_tls_wrap.js:467:38)
[error] 
[error] Error: Server Error. unable to verify the first certificate
